# JRE version: Java(TM) SE Runtime Environment (8.0_191-b12) (build 1.8.0_191-b12)
# Java VM: Java HotSpot(TM) 64-Bit Server VM (25.191-b12 mixed mode windows-amd64 compressed oops)
Heap:
 PSYoungGen      total 37888K, used 12524K [0x00000000d6500000, 0x00000000d8f00000, 0x0000000100000000)
  eden space 32768K, 27% used [0x00000000d6500000,0x00000000d6df31f8,0x00000000d8500000)
  from space 5120K, 65% used [0x00000000d8500000,0x00000000d8848020,0x00000000d8a00000)
  to   space 5120K, 0% used [0x00000000d8a00000,0x00000000d8a00000,0x00000000d8f00000)
 ParOldGen       total 86016K, used 13413K [0x0000000082e00000, 0x0000000088200000, 0x00000000d6500000)
  object space 86016K, 15% used [0x0000000082e00000,0x0000000083b195e0,0x0000000088200000)
 Metaspace       used 16028K, capacity 16304K, committed 16640K, reserved 1064960K
  class space    used 1947K, capacity 2034K, committed 2048K, reserved 1048576K
GC Heap History (6 events):
Event: 5.977 GC heap before
{Heap before GC invocations=1 (full 0):
 PSYoungGen      total 37888K, used 32768K [0x00000000d6500000, 0x00000000d8f00000, 0x0000000100000000)
  eden space 32768K, 100% used [0x00000000d6500000,0x00000000d8500000,0x00000000d8500000)
  from space 5120K, 0% used [0x00000000d8a00000,0x00000000d8a00000,0x00000000d8f00000)
  to   space 5120K, 0% used [0x00000000d8500000,0x00000000d8500000,0x00000000d8a00000)
 ParOldGen       total 86016K, used 0K [0x0000000082e00000, 0x0000000088200000, 0x00000000d6500000)
  object space 86016K, 0% used [0x0000000082e00000,0x0000000082e00000,0x0000000088200000)
 Metaspace       used 15461K, capacity 15682K, committed 15872K, reserved 1062912K
  class space    used 1928K, capacity 2001K, committed 2048K, reserved 1048576K
Event: 5.983 GC heap after
Heap after GC invocations=1 (full 0):
 PSYoungGen      total 37888K, used 3554K [0x00000000d6500000, 0x00000000d8f00000, 0x0000000100000000)
  eden space 32768K, 0% used [0x00000000d6500000,0x00000000d6500000,0x00000000d8500000)
  from space 5120K, 69% used [0x00000000d8500000,0x00000000d8878b38,0x00000000d8a00000)
  to   space 5120K, 0% used [0x00000000d8a00000,0x00000000d8a00000,0x00000000d8f00000)
 ParOldGen       total 86016K, used 13397K [0x0000000082e00000, 0x0000000088200000, 0x00000000d6500000)
  object space 86016K, 15% used [0x0000000082e00000,0x0000000083b155e0,0x0000000088200000)
 Metaspace       used 15461K, capacity 15682K, committed 15872K, reserved 1062912K
  class space    used 1928K, capacity 2001K, committed 2048K, reserved 1048576K
}
Event: 10.300 GC heap before
{Heap before GC invocations=2 (full 0):
 PSYoungGen      total 37888K, used 36322K [0x00000000d6500000, 0x00000000d8f00000, 0x0000000100000000)
  eden space 32768K, 100% used [0x00000000d6500000,0x00000000d8500000,0x00000000d8500000)
  from space 5120K, 69% used [0x00000000d8500000,0x00000000d8878b38,0x00000000d8a00000)
  to   space 5120K, 0% used [0x00000000d8a00000,0x00000000d8a00000,0x00000000d8f00000)
 ParOldGen       total 86016K, used 13397K [0x0000000082e00000, 0x0000000088200000, 0x00000000d6500000)
  object space 86016K, 15% used [0x0000000082e00000,0x0000000083b155e0,0x0000000088200000)
 Metaspace       used 15778K, capacity 15970K, committed 16128K, reserved 1062912K
  class space    used 1945K, capacity 2033K, committed 2048K, reserved 1048576K
Event: 10.304 GC heap after
Heap after GC invocations=2 (full 0):
 PSYoungGen      total 37888K, used 3248K [0x00000000d6500000, 0x00000000d8f00000, 0x0000000100000000)
  eden space 32768K, 0% used [0x00000000d6500000,0x00000000d6500000,0x00000000d8500000)
  from space 5120K, 63% used [0x00000000d8a00000,0x00000000d8d2c030,0x00000000d8f00000)
  to   space 5120K, 0% used [0x00000000d8500000,0x00000000d8500000,0x00000000d8a00000)
 ParOldGen       total 86016K, used 13405K [0x0000000082e00000, 0x0000000088200000, 0x00000000d6500000)
  object space 86016K, 15% used [0x0000000082e00000,0x0000000083b175e0,0x0000000088200000)
 Metaspace       used 15778K, capacity 15970K, committed 16128K, reserved 1062912K
  class space    used 1945K, capacity 2033K, committed 2048K, reserved 1048576K
}
Event: 15.409 GC heap before
{Heap before GC invocations=3 (full 0):
 PSYoungGen      total 37888K, used 36016K [0x00000000d6500000, 0x00000000d8f00000, 0x0000000100000000)
  eden space 32768K, 100% used [0x00000000d6500000,0x00000000d8500000,0x00000000d8500000)
  from space 5120K, 63% used [0x00000000d8a00000,0x00000000d8d2c030,0x00000000d8f00000)
  to   space 5120K, 0% used [0x00000000d8500000,0x00000000d8500000,0x00000000d8a00000)
 ParOldGen       total 86016K, used 13405K [0x0000000082e00000, 0x0000000088200000, 0x00000000d6500000)
  object space 86016K, 15% used [0x0000000082e00000,0x0000000083b175e0,0x0000000088200000)
 Metaspace       used 15971K, capacity 16226K, committed 16384K, reserved 1062912K
  class space    used 1945K, capacity 2033K, committed 2048K, reserved 1048576K
Event: 15.413 GC heap after
Heap after GC invocations=3 (full 0):
 PSYoungGen      total 37888K, used 3360K [0x00000000d6500000, 0x00000000d8f00000, 0x0000000100000000)
  eden space 32768K, 0% used [0x00000000d6500000,0x00000000d6500000,0x00000000d8500000)
  from space 5120K, 65% used [0x00000000d8500000,0x00000000d8848020,0x00000000d8a00000)
  to   space 5120K, 0% used [0x00000000d8a00000,0x00000000d8a00000,0x00000000d8f00000)
 ParOldGen       total 86016K, used 13413K [0x0000000082e00000, 0x0000000088200000, 0x00000000d6500000)
  object space 86016K, 15% used [0x0000000082e00000,0x0000000083b195e0,0x0000000088200000)
 Metaspace       used 15971K, capacity 16226K, committed 16384K, reserved 1062912K
  class space    used 1945K, capacity 2033K, committed 2048K, reserved 1048576K
}

