# JRE version: Java(TM) SE Runtime Environment (8.0_191-b12) (build 1.8.0_191-b12)
# Java VM: Java HotSpot(TM) 64-Bit Server VM (25.191-b12 mixed mode windows-amd64 compressed oops)
Heap:
 PSYoungGen      total 646144K, used 485452K [0x00000000d6500000, 0x0000000100000000, 0x0000000100000000)
  eden space 610304K, 74% used [0x00000000d6500000,0x00000000f1e5b038,0x00000000fb900000)
  from space 35840K, 93% used [0x00000000fb900000,0x00000000fd9b8000,0x00000000fdc00000)
  to   space 35840K, 0% used [0x00000000fdd00000,0x00000000fdd00000,0x0000000100000000)
 ParOldGen       total 86016K, used 60161K [0x0000000082e00000, 0x0000000088200000, 0x00000000d6500000)
  object space 86016K, 69% used [0x0000000082e00000,0x00000000868c06d8,0x0000000088200000)
 Metaspace       used 15981K, capacity 16170K, committed 16384K, reserved 1062912K
  class space    used 1944K, capacity 2033K, committed 2048K, reserved 1048576K
GC Heap History (10 events):
Event: 53.611 GC heap before
{Heap before GC invocations=59 (full 0):
 PSYoungGen      total 645120K, used 642880K [0x00000000d6500000, 0x00000000fff00000, 0x0000000100000000)
  eden space 609280K, 100% used [0x00000000d6500000,0x00000000fb800000,0x00000000fb800000)
  from space 35840K, 93% used [0x00000000fdc00000,0x00000000ffcd0000,0x00000000fff00000)
  to   space 36352K, 0% used [0x00000000fb800000,0x00000000fb800000,0x00000000fdb80000)
 ParOldGen       total 86016K, used 59081K [0x0000000082e00000, 0x0000000088200000, 0x00000000d6500000)
  object space 86016K, 68% used [0x0000000082e00000,0x00000000867b2698,0x0000000088200000)
 Metaspace       used 11541K, capacity 11742K, committed 12032K, reserved 1060864K
  class space    used 1423K, capacity 1519K, committed 1536K, reserved 1048576K
Event: 53.717 GC heap after
Heap after GC invocations=59 (full 0):
 PSYoungGen      total 645632K, used 33632K [0x00000000d6500000, 0x0000000100000000, 0x0000000100000000)
  eden space 609280K, 0% used [0x00000000d6500000,0x00000000d6500000,0x00000000fb800000)
  from space 36352K, 92% used [0x00000000fb800000,0x00000000fd8d8000,0x00000000fdb80000)
  to   space 36352K, 0% used [0x00000000fdc80000,0x00000000fdc80000,0x0000000100000000)
 ParOldGen       total 86016K, used 59097K [0x0000000082e00000, 0x0000000088200000, 0x00000000d6500000)
  object space 86016K, 68% used [0x0000000082e00000,0x00000000867b6698,0x0000000088200000)
 Metaspace       used 11541K, capacity 11742K, committed 12032K, reserved 1060864K
  class space    used 1423K, capacity 1519K, committed 1536K, reserved 1048576K
}
Event: 59.037 GC heap before
{Heap before GC invocations=60 (full 0):
 PSYoungGen      total 645632K, used 642912K [0x00000000d6500000, 0x0000000100000000, 0x0000000100000000)
  eden space 609280K, 100% used [0x00000000d6500000,0x00000000fb800000,0x00000000fb800000)
  from space 36352K, 92% used [0x00000000fb800000,0x00000000fd8d8000,0x00000000fdb80000)
  to   space 36352K, 0% used [0x00000000fdc80000,0x00000000fdc80000,0x0000000100000000)
 ParOldGen       total 86016K, used 59097K [0x0000000082e00000, 0x0000000088200000, 0x00000000d6500000)
  object space 86016K, 68% used [0x0000000082e00000,0x00000000867b6698,0x0000000088200000)
 Metaspace       used 15887K, capacity 16106K, committed 16384K, reserved 1062912K
  class space    used 1942K, capacity 2033K, committed 2048K, reserved 1048576K
Event: 59.144 GC heap after
Heap after GC invocations=60 (full 0):
 PSYoungGen      total 646656K, used 34168K [0x00000000d6500000, 0x0000000100000000, 0x0000000100000000)
  eden space 610304K, 0% used [0x00000000d6500000,0x00000000d6500000,0x00000000fb900000)
  from space 36352K, 93% used [0x00000000fdc80000,0x00000000ffdde2c0,0x0000000100000000)
  to   space 36352K, 0% used [0x00000000fb900000,0x00000000fb900000,0x00000000fdc80000)
 ParOldGen       total 86016K, used 59169K [0x0000000082e00000, 0x0000000088200000, 0x00000000d6500000)
  object space 86016K, 68% used [0x0000000082e00000,0x00000000867c86a8,0x0000000088200000)
 Metaspace       used 15887K, capacity 16106K, committed 16384K, reserved 1062912K
  class space    used 1942K, capacity 2033K, committed 2048K, reserved 1048576K
}
Event: 59.943 GC heap before
{Heap before GC invocations=61 (full 0):
 PSYoungGen      total 646656K, used 644472K [0x00000000d6500000, 0x0000000100000000, 0x0000000100000000)
  eden space 610304K, 100% used [0x00000000d6500000,0x00000000fb900000,0x00000000fb900000)
  from space 36352K, 93% used [0x00000000fdc80000,0x00000000ffdde2c0,0x0000000100000000)
  to   space 36352K, 0% used [0x00000000fb900000,0x00000000fb900000,0x00000000fdc80000)
 ParOldGen       total 86016K, used 59169K [0x0000000082e00000, 0x0000000088200000, 0x00000000d6500000)
  object space 86016K, 68% used [0x0000000082e00000,0x00000000867c86a8,0x0000000088200000)
 Metaspace       used 15897K, capacity 16106K, committed 16384K, reserved 1062912K
  class space    used 1942K, capacity 2033K, committed 2048K, reserved 1048576K
Event: 60.046 GC heap after
Heap after GC invocations=61 (full 0):
 PSYoungGen      total 646656K, used 32576K [0x00000000d6500000, 0x0000000100000000, 0x0000000100000000)
  eden space 610304K, 0% used [0x00000000d6500000,0x00000000d6500000,0x00000000fb900000)
  from space 36352K, 89% used [0x00000000fb900000,0x00000000fd8d0000,0x00000000fdc80000)
  to   space 36352K, 0% used [0x00000000fdc80000,0x00000000fdc80000,0x0000000100000000)
 ParOldGen       total 86016K, used 60105K [0x0000000082e00000, 0x0000000088200000, 0x00000000d6500000)
  object space 86016K, 69% used [0x0000000082e00000,0x00000000868b26d8,0x0000000088200000)
 Metaspace       used 15897K, capacity 16106K, committed 16384K, reserved 1062912K
  class space    used 1942K, capacity 2033K, committed 2048K, reserved 1048576K
}
Event: 60.854 GC heap before
{Heap before GC invocations=62 (full 0):
 PSYoungGen      total 646656K, used 642880K [0x00000000d6500000, 0x0000000100000000, 0x0000000100000000)
  eden space 610304K, 100% used [0x00000000d6500000,0x00000000fb900000,0x00000000fb900000)
  from space 36352K, 89% used [0x00000000fb900000,0x00000000fd8d0000,0x00000000fdc80000)
  to   space 36352K, 0% used [0x00000000fdc80000,0x00000000fdc80000,0x0000000100000000)
 ParOldGen       total 86016K, used 60105K [0x0000000082e00000, 0x0000000088200000, 0x00000000d6500000)
  object space 86016K, 69% used [0x0000000082e00000,0x00000000868b26d8,0x0000000088200000)
 Metaspace       used 15908K, capacity 16170K, committed 16384K, reserved 1062912K
  class space    used 1942K, capacity 2033K, committed 2048K, reserved 1048576K
Event: 60.963 GC heap after
Heap after GC invocations=62 (full 0):
 PSYoungGen      total 645632K, used 33440K [0x00000000d6500000, 0x00000000fff00000, 0x0000000100000000)
  eden space 610304K, 0% used [0x00000000d6500000,0x00000000d6500000,0x00000000fb900000)
  from space 35328K, 94% used [0x00000000fdc80000,0x00000000ffd28000,0x00000000fff00000)
  to   space 35840K, 0% used [0x00000000fb900000,0x00000000fb900000,0x00000000fdc00000)
 ParOldGen       total 86016K, used 60137K [0x0000000082e00000, 0x0000000088200000, 0x00000000d6500000)
  object space 86016K, 69% used [0x0000000082e00000,0x00000000868ba6d8,0x0000000088200000)
 Metaspace       used 15908K, capacity 16170K, committed 16384K, reserved 1062912K
  class space    used 1942K, capacity 2033K, committed 2048K, reserved 1048576K
}
Event: 61.807 GC heap before
{Heap before GC invocations=63 (full 0):
 PSYoungGen      total 645632K, used 643744K [0x00000000d6500000, 0x00000000fff00000, 0x0000000100000000)
  eden space 610304K, 100% used [0x00000000d6500000,0x00000000fb900000,0x00000000fb900000)
  from space 35328K, 94% used [0x00000000fdc80000,0x00000000ffd28000,0x00000000fff00000)
  to   space 35840K, 0% used [0x00000000fb900000,0x00000000fb900000,0x00000000fdc00000)
 ParOldGen       total 86016K, used 60137K [0x0000000082e00000, 0x0000000088200000, 0x00000000d6500000)
  object space 86016K, 69% used [0x0000000082e00000,0x00000000868ba6d8,0x0000000088200000)
 Metaspace       used 15946K, capacity 16170K, committed 16384K, reserved 1062912K
  class space    used 1942K, capacity 2033K, committed 2048K, reserved 1048576K
Event: 61.916 GC heap after
Heap after GC invocations=63 (full 0):
 PSYoungGen      total 646144K, used 33504K [0x00000000d6500000, 0x0000000100000000, 0x0000000100000000)
  eden space 610304K, 0% used [0x00000000d6500000,0x00000000d6500000,0x00000000fb900000)
  from space 35840K, 93% used [0x00000000fb900000,0x00000000fd9b8000,0x00000000fdc00000)
  to   space 35840K, 0% used [0x00000000fdd00000,0x00000000fdd00000,0x0000000100000000)
 ParOldGen       total 86016K, used 60161K [0x0000000082e00000, 0x0000000088200000, 0x00000000d6500000)
  object space 86016K, 69% used [0x0000000082e00000,0x00000000868c06d8,0x0000000088200000)
 Metaspace       used 15946K, capacity 16170K, committed 16384K, reserved 1062912K
  class space    used 1942K, capacity 2033K, committed 2048K, reserved 1048576K
}

