# JRE version: Java(TM) SE Runtime Environment (8.0_191-b12) (build 1.8.0_191-b12)
# Java VM: Java HotSpot(TM) 64-Bit Server VM (25.191-b12 mixed mode windows-amd64 compressed oops)
Heap:
 PSYoungGen      total 629760K, used 601647K [0x00000000d6500000, 0x0000000100000000, 0x0000000100000000)
  eden space 577536K, 98% used [0x00000000d6500000,0x00000000f91cbdc0,0x00000000f9900000)
  from space 52224K, 60% used [0x00000000fcd00000,0x00000000febc0000,0x0000000100000000)
  to   space 52736K, 0% used [0x00000000f9900000,0x00000000f9900000,0x00000000fcc80000)
 ParOldGen       total 86016K, used 66531K [0x0000000082e00000, 0x0000000088200000, 0x00000000d6500000)
  object space 86016K, 77% used [0x0000000082e00000,0x0000000086ef8fa0,0x0000000088200000)
 Metaspace       used 16079K, capacity 16310K, committed 16640K, reserved 1064960K
  class space    used 1939K, capacity 2035K, committed 2048K, reserved 1048576K
GC Heap History (10 events):
Event: 25.240 GC heap before
{Heap before GC invocations=16 (full 0):
 PSYoungGen      total 628224K, used 628224K [0x00000000d6500000, 0x0000000100000000, 0x0000000100000000)
  eden space 595968K, 100% used [0x00000000d6500000,0x00000000fab00000,0x00000000fab00000)
  from space 32256K, 100% used [0x00000000fab00000,0x00000000fca80000,0x00000000fca80000)
  to   space 46592K, 0% used [0x00000000fd280000,0x00000000fd280000,0x0000000100000000)
 ParOldGen       total 86016K, used 66347K [0x0000000082e00000, 0x0000000088200000, 0x00000000d6500000)
  object space 86016K, 77% used [0x0000000082e00000,0x0000000086ecafa0,0x0000000088200000)
 Metaspace       used 16045K, capacity 16310K, committed 16640K, reserved 1064960K
  class space    used 1937K, capacity 2035K, committed 2048K, reserved 1048576K
Event: 25.371 GC heap after
Heap after GC invocations=16 (full 0):
 PSYoungGen      total 631296K, used 32384K [0x00000000d6500000, 0x0000000100000000, 0x0000000100000000)
  eden space 584704K, 0% used [0x00000000d6500000,0x00000000d6500000,0x00000000fa000000)
  from space 46592K, 69% used [0x00000000fd280000,0x00000000ff220000,0x0000000100000000)
  to   space 49152K, 0% used [0x00000000fa000000,0x00000000fa000000,0x00000000fd000000)
 ParOldGen       total 86016K, used 66395K [0x0000000082e00000, 0x0000000088200000, 0x00000000d6500000)
  object space 86016K, 77% used [0x0000000082e00000,0x0000000086ed6fa0,0x0000000088200000)
 Metaspace       used 16045K, capacity 16310K, committed 16640K, reserved 1064960K
  class space    used 1937K, capacity 2035K, committed 2048K, reserved 1048576K
}
Event: 26.418 GC heap before
{Heap before GC invocations=17 (full 0):
 PSYoungGen      total 631296K, used 617088K [0x00000000d6500000, 0x0000000100000000, 0x0000000100000000)
  eden space 584704K, 100% used [0x00000000d6500000,0x00000000fa000000,0x00000000fa000000)
  from space 46592K, 69% used [0x00000000fd280000,0x00000000ff220000,0x0000000100000000)
  to   space 49152K, 0% used [0x00000000fa000000,0x00000000fa000000,0x00000000fd000000)
 ParOldGen       total 86016K, used 66395K [0x0000000082e00000, 0x0000000088200000, 0x00000000d6500000)
  object space 86016K, 77% used [0x0000000082e00000,0x0000000086ed6fa0,0x0000000088200000)
 Metaspace       used 16045K, capacity 16310K, committed 16640K, reserved 1064960K
  class space    used 1937K, capacity 2035K, committed 2048K, reserved 1048576K
Event: 26.542 GC heap after
Heap after GC invocations=17 (full 0):
 PSYoungGen      total 616960K, used 31776K [0x00000000d6500000, 0x0000000100000000, 0x0000000100000000)
  eden space 584704K, 0% used [0x00000000d6500000,0x00000000d6500000,0x00000000fa000000)
  from space 32256K, 98% used [0x00000000fa000000,0x00000000fbf08000,0x00000000fbf80000)
  to   space 50688K, 0% used [0x00000000fce80000,0x00000000fce80000,0x0000000100000000)
 ParOldGen       total 86016K, used 66435K [0x0000000082e00000, 0x0000000088200000, 0x00000000d6500000)
  object space 86016K, 77% used [0x0000000082e00000,0x0000000086ee0fa0,0x0000000088200000)
 Metaspace       used 16045K, capacity 16310K, committed 16640K, reserved 1064960K
  class space    used 1937K, capacity 2035K, committed 2048K, reserved 1048576K
}
Event: 27.561 GC heap before
{Heap before GC invocations=18 (full 0):
 PSYoungGen      total 616960K, used 616480K [0x00000000d6500000, 0x0000000100000000, 0x0000000100000000)
  eden space 584704K, 100% used [0x00000000d6500000,0x00000000fa000000,0x00000000fa000000)
  from space 32256K, 98% used [0x00000000fa000000,0x00000000fbf08000,0x00000000fbf80000)
  to   space 50688K, 0% used [0x00000000fce80000,0x00000000fce80000,0x0000000100000000)
 ParOldGen       total 86016K, used 66435K [0x0000000082e00000, 0x0000000088200000, 0x00000000d6500000)
  object space 86016K, 77% used [0x0000000082e00000,0x0000000086ee0fa0,0x0000000088200000)
 Metaspace       used 16046K, capacity 16310K, committed 16640K, reserved 1064960K
  class space    used 1937K, capacity 2035K, committed 2048K, reserved 1048576K
Event: 27.689 GC heap after
Heap after GC invocations=18 (full 0):
 PSYoungGen      total 630272K, used 31808K [0x00000000d6500000, 0x0000000100000000, 0x0000000100000000)
  eden space 579584K, 0% used [0x00000000d6500000,0x00000000d6500000,0x00000000f9b00000)
  from space 50688K, 62% used [0x00000000fce80000,0x00000000fed90000,0x0000000100000000)
  to   space 51712K, 0% used [0x00000000f9b00000,0x00000000f9b00000,0x00000000fcd80000)
 ParOldGen       total 86016K, used 66467K [0x0000000082e00000, 0x0000000088200000, 0x00000000d6500000)
  object space 86016K, 77% used [0x0000000082e00000,0x0000000086ee8fa0,0x0000000088200000)
 Metaspace       used 16046K, capacity 16310K, committed 16640K, reserved 1064960K
  class space    used 1937K, capacity 2035K, committed 2048K, reserved 1048576K
}
Event: 28.731 GC heap before
{Heap before GC invocations=19 (full 0):
 PSYoungGen      total 630272K, used 611392K [0x00000000d6500000, 0x0000000100000000, 0x0000000100000000)
  eden space 579584K, 100% used [0x00000000d6500000,0x00000000f9b00000,0x00000000f9b00000)
  from space 50688K, 62% used [0x00000000fce80000,0x00000000fed90000,0x0000000100000000)
  to   space 51712K, 0% used [0x00000000f9b00000,0x00000000f9b00000,0x00000000fcd80000)
 ParOldGen       total 86016K, used 66467K [0x0000000082e00000, 0x0000000088200000, 0x00000000d6500000)
  object space 86016K, 77% used [0x0000000082e00000,0x0000000086ee8fa0,0x0000000088200000)
 Metaspace       used 16048K, capacity 16310K, committed 16640K, reserved 1064960K
  class space    used 1937K, capacity 2035K, committed 2048K, reserved 1048576K
Event: 28.852 GC heap after
Heap after GC invocations=19 (full 0):
 PSYoungGen      total 611328K, used 31456K [0x00000000d6500000, 0x0000000100000000, 0x0000000100000000)
  eden space 579584K, 0% used [0x00000000d6500000,0x00000000d6500000,0x00000000f9b00000)
  from space 31744K, 99% used [0x00000000f9b00000,0x00000000fb9b8000,0x00000000fba00000)
  to   space 52224K, 0% used [0x00000000fcd00000,0x00000000fcd00000,0x0000000100000000)
 ParOldGen       total 86016K, used 66499K [0x0000000082e00000, 0x0000000088200000, 0x00000000d6500000)
  object space 86016K, 77% used [0x0000000082e00000,0x0000000086ef0fa0,0x0000000088200000)
 Metaspace       used 16048K, capacity 16310K, committed 16640K, reserved 1064960K
  class space    used 1937K, capacity 2035K, committed 2048K, reserved 1048576K
}
Event: 29.871 GC heap before
{Heap before GC invocations=20 (full 0):
 PSYoungGen      total 611328K, used 611040K [0x00000000d6500000, 0x0000000100000000, 0x0000000100000000)
  eden space 579584K, 100% used [0x00000000d6500000,0x00000000f9b00000,0x00000000f9b00000)
  from space 31744K, 99% used [0x00000000f9b00000,0x00000000fb9b8000,0x00000000fba00000)
  to   space 52224K, 0% used [0x00000000fcd00000,0x00000000fcd00000,0x0000000100000000)
 ParOldGen       total 86016K, used 66499K [0x0000000082e00000, 0x0000000088200000, 0x00000000d6500000)
  object space 86016K, 77% used [0x0000000082e00000,0x0000000086ef0fa0,0x0000000088200000)
 Metaspace       used 16048K, capacity 16310K, committed 16640K, reserved 1064960K
  class space    used 1937K, capacity 2035K, committed 2048K, reserved 1048576K
Event: 29.997 GC heap after
Heap after GC invocations=20 (full 0):
 PSYoungGen      total 629760K, used 31488K [0x00000000d6500000, 0x0000000100000000, 0x0000000100000000)
  eden space 577536K, 0% used [0x00000000d6500000,0x00000000d6500000,0x00000000f9900000)
  from space 52224K, 60% used [0x00000000fcd00000,0x00000000febc0000,0x0000000100000000)
  to   space 52736K, 0% used [0x00000000f9900000,0x00000000f9900000,0x00000000fcc80000)
 ParOldGen       total 86016K, used 66531K [0x0000000082e00000, 0x0000000088200000, 0x00000000d6500000)
  object space 86016K, 77% used [0x0000000082e00000,0x0000000086ef8fa0,0x0000000088200000)
 Metaspace       used 16048K, capacity 16310K, committed 16640K, reserved 1064960K
  class space    used 1937K, capacity 2035K, committed 2048K, reserved 1048576K
}

